[33mcommit 658eea8aa3b4614850f2f4d0a47d2c5fc5628eb0[m[33m ([m[1;36mHEAD -> [m[1;32mNewBranchScada[m[33m, [m[1;31morigin/NewBranchScada[m[33m)[m
Author: suha.arslan <suha.arslan@gmail.com>
Date:   Sat Mar 10 17:03:20 2018 +0300

    Branch Commit1
    
    BCommit1

[33mcommit e363449856085cf6634e1312f766ec285665f017[m
Author: suha.arslan <suha.arslan@gmail.com>
Date:   Sat Mar 10 15:06:56 2018 +0300

    New Branch Add
    
    New Branch Added

[33mcommit 0cefe53377050996c77f8f3040717a04bcf9b931[m
Author: suha.arslan <suha.arslan@gmail.com>
Date:   Sat Mar 10 15:02:07 2018 +0300

    New Line Commit
    
    New Line Commit

[33mcommit 3f5d4a9cd56b567ac42f52e6cfedf25d017571d5[m
Author: Özkan Direkel <ozkandirekel@hotmail.com>
Date:   Fri Mar 9 15:24:47 2018 +0300

    deneme
    
    deneme1

[33mcommit 4a098dc630b31c03054f7e73061d62ed019bae5d[m
Author: suha.arslan <suha.arslan@gmail.com>
Date:   Fri Mar 9 15:21:13 2018 +0300

    Commit
    
    First Commit
